<?xml version="1.0" encoding="UTF-8"?>
<!-- Generated by org.testng.reporters.JUnitReportReporter -->
<testsuite skipped="1" hostname="TYSS" name="scripts.TestScripts" tests="2" failures="0" timestamp="2019-09-28T06:47:49 IST" time="19.284" errors="0">
  <testcase name="testSortListBox" time="19.284" classname="scripts.TestScripts"/>
  <testcase name="testCreateEmployee" classname="scripts.TestScripts">
    <skipped/>
  </testcase> <!-- testCreateEmployee -->
</testsuite> <!-- scripts.TestScripts -->
